  Source.cpp
c:\users\julia\source\repos\labs\181-351_ziborowa\181-351_ziborowa\lab 14\source.cpp(30): warning C4566: символ, представленный универсальным именем символа "\u0412", невозможно представить в текущей кодовой странице (1252)
c:\users\julia\source\repos\labs\181-351_ziborowa\181-351_ziborowa\lab 14\source.cpp(30): warning C4566: символ, представленный универсальным именем символа "\u0432", невозможно представить в текущей кодовой странице (1252)
c:\users\julia\source\repos\labs\181-351_ziborowa\181-351_ziborowa\lab 14\source.cpp(30): warning C4566: символ, представленный универсальным именем символа "\u0435", невозможно представить в текущей кодовой странице (1252)
c:\users\julia\source\repos\labs\181-351_ziborowa\181-351_ziborowa\lab 14\source.cpp(30): warning C4566: символ, представленный универсальным именем символа "\u0434", невозможно представить в текущей кодовой странице (1252)
c:\users\julia\source\repos\labs\181-351_ziborowa\181-351_ziborowa\lab 14\source.cpp(30): warning C4566: символ, представленный универсальным именем символа "\u0438", невозможно представить в текущей кодовой странице (1252)
c:\users\julia\source\repos\labs\181-351_ziborowa\181-351_ziborowa\lab 14\source.cpp(30): warning C4566: символ, представленный универсальным именем символа "\u0442", невозможно представить в текущей кодовой странице (1252)
c:\users\julia\source\repos\labs\181-351_ziborowa\181-351_ziborowa\lab 14\source.cpp(30): warning C4566: символ, представленный универсальным именем символа "\u0446", невозможно представить в текущей кодовой странице (1252)
c:\users\julia\source\repos\labs\181-351_ziborowa\181-351_ziborowa\lab 14\source.cpp(30): warning C4566: символ, представленный универсальным именем символа "\u043B", невозможно представить в текущей кодовой странице (1252)
c:\users\julia\source\repos\labs\181-351_ziborowa\181-351_ziborowa\lab 14\source.cpp(30): warning C4566: символ, представленный универсальным именем символа "\u044B", невозможно представить в текущей кодовой странице (1252)
c:\users\julia\source\repos\labs\181-351_ziborowa\181-351_ziborowa\lab 14\source.cpp(30): warning C4566: символ, представленный универсальным именем символа "\u0445", невозможно представить в текущей кодовой странице (1252)
c:\users\julia\source\repos\labs\181-351_ziborowa\181-351_ziborowa\lab 14\source.cpp(30): warning C4566: символ, представленный универсальным именем символа "\u0447", невозможно представить в текущей кодовой странице (1252)
c:\users\julia\source\repos\labs\181-351_ziborowa\181-351_ziborowa\lab 14\source.cpp(30): warning C4566: символ, представленный универсальным именем символа "\u0441", невозможно представить в текущей кодовой странице (1252)
c:\users\julia\source\repos\labs\181-351_ziborowa\181-351_ziborowa\lab 14\source.cpp(38): warning C4566: символ, представленный универсальным именем символа "\u0421", невозможно представить в текущей кодовой странице (1252)
c:\users\julia\source\repos\labs\181-351_ziborowa\181-351_ziborowa\lab 14\source.cpp(38): warning C4566: символ, представленный универсальным именем символа "\u0442", невозможно представить в текущей кодовой странице (1252)
c:\users\julia\source\repos\labs\181-351_ziborowa\181-351_ziborowa\lab 14\source.cpp(38): warning C4566: символ, представленный универсальным именем символа "\u0435", невозможно представить в текущей кодовой странице (1252)
c:\users\julia\source\repos\labs\181-351_ziborowa\181-351_ziborowa\lab 14\source.cpp(38): warning C4566: символ, представленный универсальным именем символа "\u043A", невозможно представить в текущей кодовой странице (1252)
c:\users\julia\source\repos\labs\181-351_ziborowa\181-351_ziborowa\lab 14\source.cpp(38): warning C4566: символ, представленный универсальным именем символа "\u043D", невозможно представить в текущей кодовой странице (1252)
c:\users\julia\source\repos\labs\181-351_ziborowa\181-351_ziborowa\lab 14\source.cpp(38): warning C4566: символ, представленный универсальным именем символа "\u043F", невозможно представить в текущей кодовой странице (1252)
c:\users\julia\source\repos\labs\181-351_ziborowa\181-351_ziborowa\lab 14\source.cpp(38): warning C4566: символ, представленный универсальным именем символа "\u0443", невозможно представить в текущей кодовой странице (1252)
c:\users\julia\source\repos\labs\181-351_ziborowa\181-351_ziborowa\lab 14\source.cpp(38): warning C4566: символ, представленный универсальным именем символа "\u0441", невозможно представить в текущей кодовой странице (1252)
c:\users\julia\source\repos\labs\181-351_ziborowa\181-351_ziborowa\lab 14\source.cpp(40): warning C4566: символ, представленный универсальным именем символа "\u0412", невозможно представить в текущей кодовой странице (1252)
c:\users\julia\source\repos\labs\181-351_ziborowa\181-351_ziborowa\lab 14\source.cpp(40): warning C4566: символ, представленный универсальным именем символа "\u0435", невозможно представить в текущей кодовой странице (1252)
c:\users\julia\source\repos\labs\181-351_ziborowa\181-351_ziborowa\lab 14\source.cpp(40): warning C4566: символ, представленный универсальным именем символа "\u0440", невозможно представить в текущей кодовой странице (1252)
c:\users\julia\source\repos\labs\181-351_ziborowa\181-351_ziborowa\lab 14\source.cpp(40): warning C4566: символ, представленный универсальным именем символа "\u0445", невозможно представить в текущей кодовой странице (1252)
c:\users\julia\source\repos\labs\181-351_ziborowa\181-351_ziborowa\lab 14\source.cpp(40): warning C4566: символ, представленный универсальным именем символа "\u043D", невозможно представить в текущей кодовой странице (1252)
c:\users\julia\source\repos\labs\181-351_ziborowa\181-351_ziborowa\lab 14\source.cpp(40): warning C4566: символ, представленный универсальным именем символа "\u0438", невозможно представить в текущей кодовой странице (1252)
c:\users\julia\source\repos\labs\181-351_ziborowa\181-351_ziborowa\lab 14\source.cpp(40): warning C4566: символ, представленный универсальным именем символа "\u0439", невозможно представить в текущей кодовой странице (1252)
c:\users\julia\source\repos\labs\181-351_ziborowa\181-351_ziborowa\lab 14\source.cpp(40): warning C4566: символ, представленный универсальным именем символа "\u044D", невозможно представить в текущей кодовой странице (1252)
c:\users\julia\source\repos\labs\181-351_ziborowa\181-351_ziborowa\lab 14\source.cpp(40): warning C4566: символ, представленный универсальным именем символа "\u043B", невозможно представить в текущей кодовой странице (1252)
c:\users\julia\source\repos\labs\181-351_ziborowa\181-351_ziborowa\lab 14\source.cpp(40): warning C4566: символ, представленный универсальным именем символа "\u043C", невозможно представить в текущей кодовой странице (1252)
c:\users\julia\source\repos\labs\181-351_ziborowa\181-351_ziborowa\lab 14\source.cpp(40): warning C4566: символ, представленный универсальным именем символа "\u0442", невозможно представить в текущей кодовой странице (1252)
c:\users\julia\source\repos\labs\181-351_ziborowa\181-351_ziborowa\lab 14\source.cpp(40): warning C4566: символ, представленный универсальным именем символа "\u0441", невозможно представить в текущей кодовой странице (1252)
c:\users\julia\source\repos\labs\181-351_ziborowa\181-351_ziborowa\lab 14\source.cpp(40): warning C4566: символ, представленный универсальным именем символа "\u043A", невозможно представить в текущей кодовой странице (1252)
c:\users\julia\source\repos\labs\181-351_ziborowa\181-351_ziborowa\lab 14\source.cpp(40): warning C4566: символ, представленный универсальным именем символа "\u0430", невозможно представить в текущей кодовой странице (1252)
c:\users\julia\source\repos\labs\181-351_ziborowa\181-351_ziborowa\lab 14\source.cpp(43): warning C4566: символ, представленный универсальным именем символа "\u041D", невозможно представить в текущей кодовой странице (1252)
c:\users\julia\source\repos\labs\181-351_ziborowa\181-351_ziborowa\lab 14\source.cpp(43): warning C4566: символ, представленный универсальным именем символа "\u043E", невозможно представить в текущей кодовой странице (1252)
c:\users\julia\source\repos\labs\181-351_ziborowa\181-351_ziborowa\lab 14\source.cpp(43): warning C4566: символ, представленный универсальным именем символа "\u0432", невозможно представить в текущей кодовой странице (1252)
c:\users\julia\source\repos\labs\181-351_ziborowa\181-351_ziborowa\lab 14\source.cpp(43): warning C4566: символ, представленный универсальным именем символа "\u044B", невозможно представить в текущей кодовой странице (1252)
c:\users\julia\source\repos\labs\181-351_ziborowa\181-351_ziborowa\lab 14\source.cpp(43): warning C4566: символ, представленный универсальным именем символа "\u0439", невозможно представить в текущей кодовой странице (1252)
c:\users\julia\source\repos\labs\181-351_ziborowa\181-351_ziborowa\lab 14\source.cpp(43): warning C4566: символ, представленный универсальным именем символа "\u0435", невозможно представить в текущей кодовой странице (1252)
c:\users\julia\source\repos\labs\181-351_ziborowa\181-351_ziborowa\lab 14\source.cpp(43): warning C4566: символ, представленный универсальным именем символа "\u0440", невозможно представить в текущей кодовой странице (1252)
c:\users\julia\source\repos\labs\181-351_ziborowa\181-351_ziborowa\lab 14\source.cpp(43): warning C4566: символ, представленный универсальным именем символа "\u0445", невозможно представить в текущей кодовой странице (1252)
c:\users\julia\source\repos\labs\181-351_ziborowa\181-351_ziborowa\lab 14\source.cpp(43): warning C4566: символ, представленный универсальным именем символа "\u043D", невозможно представить в текущей кодовой странице (1252)
c:\users\julia\source\repos\labs\181-351_ziborowa\181-351_ziborowa\lab 14\source.cpp(43): warning C4566: символ, представленный универсальным именем символа "\u0438", невозможно представить в текущей кодовой странице (1252)
c:\users\julia\source\repos\labs\181-351_ziborowa\181-351_ziborowa\lab 14\source.cpp(43): warning C4566: символ, представленный универсальным именем символа "\u044D", невозможно представить в текущей кодовой странице (1252)
c:\users\julia\source\repos\labs\181-351_ziborowa\181-351_ziborowa\lab 14\source.cpp(43): warning C4566: символ, представленный универсальным именем символа "\u043B", невозможно представить в текущей кодовой странице (1252)
c:\users\julia\source\repos\labs\181-351_ziborowa\181-351_ziborowa\lab 14\source.cpp(43): warning C4566: символ, представленный универсальным именем символа "\u043C", невозможно представить в текущей кодовой странице (1252)
c:\users\julia\source\repos\labs\181-351_ziborowa\181-351_ziborowa\lab 14\source.cpp(43): warning C4566: символ, представленный универсальным именем символа "\u0442", невозможно представить в текущей кодовой странице (1252)
  lab 14.vcxproj -> C:\Users\Julia\source\repos\labs\181-351_Ziborowa\181-351_Ziborowa\x64\Debug\lab 14.exe
